<?xml version="1.0" encoding="UTF-8"?>
<testsuite name="com.jerry.springReview.web.PostsApiControllerTest" tests="1" skipped="0" failures="0" errors="0" timestamp="2021-07-14T09:46:39" hostname="hong-yuseog-ui-MacBookPro.local" time="0.451">
  <properties/>
  <testcase name="update_posts" classname="com.jerry.springReview.web.PostsApiControllerTest" time="0.451"/>
  <system-out><![CDATA[18:46:35.709 [Test worker] DEBUG org.springframework.test.context.junit4.SpringJUnit4ClassRunner - SpringJUnit4ClassRunner constructor called with [class com.jerry.springReview.web.PostsApiControllerTest]
18:46:35.713 [Test worker] DEBUG org.springframework.test.context.BootstrapUtils - Instantiating CacheAwareContextLoaderDelegate from class [org.springframework.test.context.cache.DefaultCacheAwareContextLoaderDelegate]
18:46:35.718 [Test worker] DEBUG org.springframework.test.context.BootstrapUtils - Instantiating BootstrapContext using constructor [public org.springframework.test.context.support.DefaultBootstrapContext(java.lang.Class,org.springframework.test.context.CacheAwareContextLoaderDelegate)]
18:46:35.728 [Test worker] DEBUG org.springframework.test.context.BootstrapUtils - Instantiating TestContextBootstrapper for test class [com.jerry.springReview.web.PostsApiControllerTest] from class [org.springframework.boot.test.context.SpringBootTestContextBootstrapper]
18:46:35.734 [Test worker] INFO org.springframework.boot.test.context.SpringBootTestContextBootstrapper - Neither @ContextConfiguration nor @ContextHierarchy found for test class [com.jerry.springReview.web.PostsApiControllerTest], using SpringBootContextLoader
18:46:35.736 [Test worker] DEBUG org.springframework.test.context.support.AbstractContextLoader - Did not detect default resource location for test class [com.jerry.springReview.web.PostsApiControllerTest]: class path resource [com/jerry/springReview/web/PostsApiControllerTest-context.xml] does not exist
18:46:35.737 [Test worker] DEBUG org.springframework.test.context.support.AbstractContextLoader - Did not detect default resource location for test class [com.jerry.springReview.web.PostsApiControllerTest]: class path resource [com/jerry/springReview/web/PostsApiControllerTestContext.groovy] does not exist
18:46:35.737 [Test worker] INFO org.springframework.test.context.support.AbstractContextLoader - Could not detect default resource locations for test class [com.jerry.springReview.web.PostsApiControllerTest]: no resource found for suffixes {-context.xml, Context.groovy}.
18:46:35.737 [Test worker] INFO org.springframework.test.context.support.AnnotationConfigContextLoaderUtils - Could not detect default configuration classes for test class [com.jerry.springReview.web.PostsApiControllerTest]: PostsApiControllerTest does not declare any static, non-private, non-final, nested classes annotated with @Configuration.
18:46:35.760 [Test worker] DEBUG org.springframework.test.context.support.ActiveProfilesUtils - Could not find an 'annotation declaring class' for annotation type [org.springframework.test.context.ActiveProfiles] and class [com.jerry.springReview.web.PostsApiControllerTest]
18:46:35.817 [Test worker] DEBUG org.springframework.context.annotation.ClassPathScanningCandidateComponentProvider - Identified candidate component class: file [/Users/hong-yuseok/spring_boot/SpringReview/build/classes/java/main/com/jerry/springReview/Application.class]
18:46:35.817 [Test worker] INFO org.springframework.boot.test.context.SpringBootTestContextBootstrapper - Found @SpringBootConfiguration com.jerry.springReview.Application for test class com.jerry.springReview.web.PostsApiControllerTest
18:46:35.869 [Test worker] DEBUG org.springframework.boot.test.context.SpringBootTestContextBootstrapper - @TestExecutionListeners is not present for class [com.jerry.springReview.web.PostsApiControllerTest]: using defaults.
18:46:35.870 [Test worker] INFO org.springframework.boot.test.context.SpringBootTestContextBootstrapper - Loaded default TestExecutionListener class names from location [META-INF/spring.factories]: [org.springframework.boot.test.autoconfigure.restdocs.RestDocsTestExecutionListener, org.springframework.boot.test.autoconfigure.web.client.MockRestServiceServerResetTestExecutionListener, org.springframework.boot.test.autoconfigure.web.servlet.MockMvcPrintOnlyOnFailureTestExecutionListener, org.springframework.boot.test.autoconfigure.web.servlet.WebDriverTestExecutionListener, org.springframework.boot.test.mock.mockito.MockitoTestExecutionListener, org.springframework.boot.test.mock.mockito.ResetMocksTestExecutionListener, org.springframework.test.context.web.ServletTestExecutionListener, org.springframework.test.context.support.DirtiesContextBeforeModesTestExecutionListener, org.springframework.test.context.support.DependencyInjectionTestExecutionListener, org.springframework.test.context.support.DirtiesContextTestExecutionListener, org.springframework.test.context.transaction.TransactionalTestExecutionListener, org.springframework.test.context.jdbc.SqlScriptsTestExecutionListener]
18:46:35.879 [Test worker] INFO org.springframework.boot.test.context.SpringBootTestContextBootstrapper - Using TestExecutionListeners: [org.springframework.test.context.web.ServletTestExecutionListener@590e49d8, org.springframework.test.context.support.DirtiesContextBeforeModesTestExecutionListener@25d0ff27, org.springframework.boot.test.mock.mockito.MockitoTestExecutionListener@cac36c9, org.springframework.boot.test.autoconfigure.SpringBootDependencyInjectionTestExecutionListener@4686c26b, org.springframework.test.context.support.DirtiesContextTestExecutionListener@6ded13ea, org.springframework.test.context.transaction.TransactionalTestExecutionListener@4fe6e0b7, org.springframework.test.context.jdbc.SqlScriptsTestExecutionListener@22919dfc, org.springframework.boot.test.autoconfigure.restdocs.RestDocsTestExecutionListener@52f4865f, org.springframework.boot.test.autoconfigure.web.client.MockRestServiceServerResetTestExecutionListener@5703bda8, org.springframework.boot.test.autoconfigure.web.servlet.MockMvcPrintOnlyOnFailureTestExecutionListener@2f181ca7, org.springframework.boot.test.autoconfigure.web.servlet.WebDriverTestExecutionListener@1481ac5, org.springframework.boot.test.mock.mockito.ResetMocksTestExecutionListener@7778a2cd]
18:46:35.881 [Test worker] DEBUG org.springframework.test.annotation.ProfileValueUtils - Retrieved @ProfileValueSourceConfiguration [null] for test class [com.jerry.springReview.web.PostsApiControllerTest]
18:46:35.881 [Test worker] DEBUG org.springframework.test.annotation.ProfileValueUtils - Retrieved ProfileValueSource type [class org.springframework.test.annotation.SystemProfileValueSource] for class [com.jerry.springReview.web.PostsApiControllerTest]
18:46:35.884 [Test worker] DEBUG org.springframework.test.annotation.ProfileValueUtils - Retrieved @ProfileValueSourceConfiguration [null] for test class [com.jerry.springReview.web.PostsApiControllerTest]
18:46:35.884 [Test worker] DEBUG org.springframework.test.annotation.ProfileValueUtils - Retrieved ProfileValueSource type [class org.springframework.test.annotation.SystemProfileValueSource] for class [com.jerry.springReview.web.PostsApiControllerTest]
18:46:35.884 [Test worker] DEBUG org.springframework.test.annotation.ProfileValueUtils - Retrieved @ProfileValueSourceConfiguration [null] for test class [com.jerry.springReview.web.PostsApiControllerTest]
18:46:35.884 [Test worker] DEBUG org.springframework.test.annotation.ProfileValueUtils - Retrieved ProfileValueSource type [class org.springframework.test.annotation.SystemProfileValueSource] for class [com.jerry.springReview.web.PostsApiControllerTest]
18:46:35.887 [Test worker] DEBUG org.springframework.test.context.support.AbstractDirtiesContextTestExecutionListener - Before test class: context [DefaultTestContext@260f600c testClass = PostsApiControllerTest, testInstance = [null], testMethod = [null], testException = [null], mergedContextConfiguration = [WebMergedContextConfiguration@27a5785f testClass = PostsApiControllerTest, locations = '{}', classes = '{class com.jerry.springReview.Application}', contextInitializerClasses = '[]', activeProfiles = '{}', propertySourceLocations = '{}', propertySourceProperties = '{org.springframework.boot.test.context.SpringBootTestContextBootstrapper=true, server.port=0}', contextCustomizers = set[org.springframework.boot.test.autoconfigure.properties.PropertyMappingContextCustomizer@0, org.springframework.boot.test.autoconfigure.web.servlet.WebDriverContextCustomizerFactory$Customizer@3932d18a, org.springframework.boot.test.context.filter.ExcludeFilterContextCustomizer@685d793e, org.springframework.boot.test.json.DuplicateJsonObjectContextCustomizerFactory$DuplicateJsonObjectContextCustomizer@5516c43f, org.springframework.boot.test.mock.mockito.MockitoContextCustomizer@0, org.springframework.boot.test.web.client.TestRestTemplateContextCustomizer@7157819f], resourceBasePath = 'src/main/webapp', contextLoader = 'org.springframework.boot.test.context.SpringBootContextLoader', parent = [null]], attributes = map['org.springframework.test.context.web.ServletTestExecutionListener.activateListener' -> false]], class annotated with @DirtiesContext [false] with mode [null].
18:46:35.888 [Test worker] DEBUG org.springframework.test.annotation.ProfileValueUtils - Retrieved @ProfileValueSourceConfiguration [null] for test class [com.jerry.springReview.web.PostsApiControllerTest]
18:46:35.888 [Test worker] DEBUG org.springframework.test.annotation.ProfileValueUtils - Retrieved ProfileValueSource type [class org.springframework.test.annotation.SystemProfileValueSource] for class [com.jerry.springReview.web.PostsApiControllerTest]
18:46:35.891 [Test worker] DEBUG org.springframework.test.context.support.DependencyInjectionTestExecutionListener - Performing dependency injection for test context [[DefaultTestContext@260f600c testClass = PostsApiControllerTest, testInstance = com.jerry.springReview.web.PostsApiControllerTest@1e826573, testMethod = [null], testException = [null], mergedContextConfiguration = [WebMergedContextConfiguration@27a5785f testClass = PostsApiControllerTest, locations = '{}', classes = '{class com.jerry.springReview.Application}', contextInitializerClasses = '[]', activeProfiles = '{}', propertySourceLocations = '{}', propertySourceProperties = '{org.springframework.boot.test.context.SpringBootTestContextBootstrapper=true, server.port=0}', contextCustomizers = set[org.springframework.boot.test.autoconfigure.properties.PropertyMappingContextCustomizer@0, org.springframework.boot.test.autoconfigure.web.servlet.WebDriverContextCustomizerFactory$Customizer@3932d18a, org.springframework.boot.test.context.filter.ExcludeFilterContextCustomizer@685d793e, org.springframework.boot.test.json.DuplicateJsonObjectContextCustomizerFactory$DuplicateJsonObjectContextCustomizer@5516c43f, org.springframework.boot.test.mock.mockito.MockitoContextCustomizer@0, org.springframework.boot.test.web.client.TestRestTemplateContextCustomizer@7157819f], resourceBasePath = 'src/main/webapp', contextLoader = 'org.springframework.boot.test.context.SpringBootContextLoader', parent = [null]], attributes = map['org.springframework.test.context.web.ServletTestExecutionListener.activateListener' -> false]]].
18:46:35.903 [Test worker] DEBUG org.springframework.test.context.support.TestPropertySourceUtils - Adding inlined properties to environment: {spring.jmx.enabled=false, org.springframework.boot.test.context.SpringBootTestContextBootstrapper=true, server.port=0}

  .   ____          _            __ _ _
 /\\ / ___'_ __ _ _(_)_ __  __ _ \ \ \ \
( ( )\___ | '_ | '_| | '_ \/ _` | \ \ \ \
 \\/  ___)| |_)| | | | | || (_| |  ) ) ) )
  '  |____| .__|_| |_|_| |_\__, | / / / /
 =========|_|==============|___/=/_/_/_/
 :: Spring Boot ::        (v2.1.7.RELEASE)

2021-07-14 18:46:36.072  INFO 12091 --- [    Test worker] c.j.s.web.PostsApiControllerTest         : Starting PostsApiControllerTest on hong-yuseog-ui-MacBookPro.local with PID 12091 (started by hong-yuseok in /Users/hong-yuseok/spring_boot/SpringReview)
2021-07-14 18:46:36.073  INFO 12091 --- [    Test worker] c.j.s.web.PostsApiControllerTest         : No active profile set, falling back to default profiles: default
2021-07-14 18:46:36.473  INFO 12091 --- [    Test worker] .s.d.r.c.RepositoryConfigurationDelegate : Bootstrapping Spring Data repositories in DEFAULT mode.
2021-07-14 18:46:36.521  INFO 12091 --- [    Test worker] .s.d.r.c.RepositoryConfigurationDelegate : Finished Spring Data repository scanning in 39ms. Found 1 repository interfaces.
2021-07-14 18:46:36.775  INFO 12091 --- [    Test worker] trationDelegate$BeanPostProcessorChecker : Bean 'org.springframework.transaction.annotation.ProxyTransactionManagementConfiguration' of type [org.springframework.transaction.annotation.ProxyTransactionManagementConfiguration$$EnhancerBySpringCGLIB$$d95d3923] is not eligible for getting processed by all BeanPostProcessors (for example: not eligible for auto-proxying)
2021-07-14 18:46:37.077  INFO 12091 --- [    Test worker] o.s.b.w.embedded.tomcat.TomcatWebServer  : Tomcat initialized with port(s): 0 (http)
2021-07-14 18:46:37.098  INFO 12091 --- [    Test worker] o.apache.catalina.core.StandardService   : Starting service [Tomcat]
2021-07-14 18:46:37.098  INFO 12091 --- [    Test worker] org.apache.catalina.core.StandardEngine  : Starting Servlet engine: [Apache Tomcat/9.0.22]
2021-07-14 18:46:37.199  INFO 12091 --- [    Test worker] o.a.c.c.C.[Tomcat].[localhost].[/]       : Initializing Spring embedded WebApplicationContext
2021-07-14 18:46:37.200  INFO 12091 --- [    Test worker] o.s.web.context.ContextLoader            : Root WebApplicationContext: initialization completed in 1114 ms
2021-07-14 18:46:37.370  INFO 12091 --- [    Test worker] com.zaxxer.hikari.HikariDataSource       : HikariPool-1 - Starting...
2021-07-14 18:46:37.503  INFO 12091 --- [    Test worker] com.zaxxer.hikari.HikariDataSource       : HikariPool-1 - Start completed.
2021-07-14 18:46:37.569  INFO 12091 --- [    Test worker] o.hibernate.jpa.internal.util.LogHelper  : HHH000204: Processing PersistenceUnitInfo [
	name: default
	...]
2021-07-14 18:46:37.630  INFO 12091 --- [    Test worker] org.hibernate.Version                    : HHH000412: Hibernate Core {5.3.10.Final}
2021-07-14 18:46:37.631  INFO 12091 --- [    Test worker] org.hibernate.cfg.Environment            : HHH000206: hibernate.properties not found
2021-07-14 18:46:37.779  INFO 12091 --- [    Test worker] o.hibernate.annotations.common.Version   : HCANN000001: Hibernate Commons Annotations {5.0.4.Final}
2021-07-14 18:46:37.911  INFO 12091 --- [    Test worker] org.hibernate.dialect.Dialect            : HHH000400: Using dialect: org.hibernate.dialect.MySQL5InnoDBDialect
Hibernate: drop table if exists posts
Hibernate: create table posts (id bigint not null auto_increment, author varchar(255), content TEXT not null, title varchar(500) not null, primary key (id)) engine=InnoDB
2021-07-14 18:46:38.369  INFO 12091 --- [    Test worker] o.h.t.schema.internal.SchemaCreatorImpl  : HHH000476: Executing import script 'org.hibernate.tool.schema.internal.exec.ScriptSourceInputNonExistentImpl@5cfbe2e3'
2021-07-14 18:46:38.372  INFO 12091 --- [    Test worker] j.LocalContainerEntityManagerFactoryBean : Initialized JPA EntityManagerFactory for persistence unit 'default'
2021-07-14 18:46:38.801  INFO 12091 --- [    Test worker] o.s.s.concurrent.ThreadPoolTaskExecutor  : Initializing ExecutorService 'applicationTaskExecutor'
2021-07-14 18:46:38.838  WARN 12091 --- [    Test worker] aWebConfiguration$JpaWebMvcConfiguration : spring.jpa.open-in-view is enabled by default. Therefore, database queries may be performed during view rendering. Explicitly configure spring.jpa.open-in-view to disable this warning
2021-07-14 18:46:39.064  INFO 12091 --- [    Test worker] o.s.b.w.embedded.tomcat.TomcatWebServer  : Tomcat started on port(s): 51390 (http) with context path ''
2021-07-14 18:46:39.066  INFO 12091 --- [    Test worker] c.j.s.web.PostsApiControllerTest         : Started PostsApiControllerTest in 3.161 seconds (JVM running for 3.747)
Hibernate: insert into posts (author, content, title) values (?, ?, ?)
2021-07-14 18:46:39.296  INFO 12091 --- [o-auto-1-exec-1] o.a.c.c.C.[Tomcat].[localhost].[/]       : Initializing Spring DispatcherServlet 'dispatcherServlet'
2021-07-14 18:46:39.297  INFO 12091 --- [o-auto-1-exec-1] o.s.web.servlet.DispatcherServlet        : Initializing Servlet 'dispatcherServlet'
2021-07-14 18:46:39.312  INFO 12091 --- [o-auto-1-exec-1] o.s.web.servlet.DispatcherServlet        : Completed initialization in 15 ms
Hibernate: select posts0_.id as id1_0_0_, posts0_.author as author2_0_0_, posts0_.content as content3_0_0_, posts0_.title as title4_0_0_ from posts posts0_ where posts0_.id=?
Hibernate: update posts set author=?, content=?, title=? where id=?
2021-07-14 18:46:39.451  INFO 12091 --- [    Test worker] o.h.h.i.QueryTranslatorFactoryInitiator  : HHH000397: Using ASTQueryTranslatorFactory
Hibernate: select posts0_.id as id1_0_, posts0_.author as author2_0_, posts0_.content as content3_0_, posts0_.title as title4_0_ from posts posts0_
Hibernate: select posts0_.id as id1_0_, posts0_.author as author2_0_, posts0_.content as content3_0_, posts0_.title as title4_0_ from posts posts0_
Hibernate: delete from posts where id=?
]]></system-out>
  <system-err><![CDATA[]]></system-err>
</testsuite>
